CRITICAL - 2025-11-19 01:56:03 --> CodeIgniter\View\Exceptions\ViewException: Invalid file: "layouts/header.php"
[Method: GET, Route: /]
in SYSTEMPATH\Exceptions\FrameworkException.php on line 39.
 1 SYSTEMPATH\View\View.php(214): CodeIgniter\Exceptions\FrameworkException::forInvalidFile('layouts/header.php')
 2 SYSTEMPATH\View\View.php(475): CodeIgniter\View\View->render('layouts/header', null, true)
 3 APPPATH\Views\catalog\home.php(1): CodeIgniter\View\View->include('layouts/header')
 4 SYSTEMPATH\View\View.php(226): include('D:\\Apps\\xampp\\htdocs\\perpus-istana\\app\\Views\\catalog\\home.php')
 5 SYSTEMPATH\View\View.php(229): CodeIgniter\View\View->CodeIgniter\View\{closure}()
 6 SYSTEMPATH\Common.php(1167): CodeIgniter\View\View->render('catalog/home', [], true)
 7 APPPATH\Controllers\Catalog.php(21): view('catalog/home', [...])
 8 SYSTEMPATH\CodeIgniter.php(933): App\Controllers\Catalog->index()
 9 SYSTEMPATH\CodeIgniter.php(507): CodeIgniter\CodeIgniter->runController(Object(App\Controllers\Catalog))
10 SYSTEMPATH\CodeIgniter.php(354): CodeIgniter\CodeIgniter->handleRequest(null, Object(Config\Cache), false)
11 SYSTEMPATH\Boot.php(363): CodeIgniter\CodeIgniter->run()
12 SYSTEMPATH\Boot.php(68): CodeIgniter\Boot::runCodeIgniter(Object(CodeIgniter\CodeIgniter))
13 FCPATH\index.php(59): CodeIgniter\Boot::bootWeb(Object(Config\Paths))
CRITICAL - 2025-11-19 01:56:08 --> CodeIgniter\View\Exceptions\ViewException: Invalid file: "layouts/header.php"
[Method: GET, Route: /]
in SYSTEMPATH\Exceptions\FrameworkException.php on line 39.
 1 SYSTEMPATH\View\View.php(214): CodeIgniter\Exceptions\FrameworkException::forInvalidFile('layouts/header.php')
 2 SYSTEMPATH\View\View.php(475): CodeIgniter\View\View->render('layouts/header', null, true)
 3 APPPATH\Views\catalog\home.php(1): CodeIgniter\View\View->include('layouts/header')
 4 SYSTEMPATH\View\View.php(226): include('D:\\Apps\\xampp\\htdocs\\perpus-istana\\app\\Views\\catalog\\home.php')
 5 SYSTEMPATH\View\View.php(229): CodeIgniter\View\View->CodeIgniter\View\{closure}()
 6 SYSTEMPATH\Common.php(1167): CodeIgniter\View\View->render('catalog/home', [], true)
 7 APPPATH\Controllers\Catalog.php(21): view('catalog/home', [...])
 8 SYSTEMPATH\CodeIgniter.php(933): App\Controllers\Catalog->index()
 9 SYSTEMPATH\CodeIgniter.php(507): CodeIgniter\CodeIgniter->runController(Object(App\Controllers\Catalog))
10 SYSTEMPATH\CodeIgniter.php(354): CodeIgniter\CodeIgniter->handleRequest(null, Object(Config\Cache), false)
11 SYSTEMPATH\Boot.php(363): CodeIgniter\CodeIgniter->run()
12 SYSTEMPATH\Boot.php(68): CodeIgniter\Boot::runCodeIgniter(Object(CodeIgniter\CodeIgniter))
13 FCPATH\index.php(59): CodeIgniter\Boot::bootWeb(Object(Config\Paths))
CRITICAL - 2025-11-19 03:15:48 --> CodeIgniter\HTTP\Exceptions\BadRequestException: The URI you submitted has disallowed characters: "(AME)_BIMTEK_DIGITALISASI_NASKAH_KUNO_OKTOBER_2025.jpg"
[Method: GET, Route: thumbnails/%28AME%29_BIMTEK_DIGITALISASI_NASKAH_KUNO_OKTOBER_2025.jpg]
in SYSTEMPATH\Router\Router.php on line 741.
 1 SYSTEMPATH\Router\Router.php(207): CodeIgniter\Router\Router->checkDisallowedChars('thumbnails/(AME)_BIMTEK_DIGITALISASI_NASKAH_KUNO_OKTOBER_2025.jpg')
 2 SYSTEMPATH\CodeIgniter.php(832): CodeIgniter\Router\Router->handle('thumbnails/(AME)_BIMTEK_DIGITALISASI_NASKAH_KUNO_OKTOBER_2025.jpg')
 3 SYSTEMPATH\CodeIgniter.php(455): CodeIgniter\CodeIgniter->tryToRouteIt(Object(CodeIgniter\Router\RouteCollection))
 4 SYSTEMPATH\CodeIgniter.php(354): CodeIgniter\CodeIgniter->handleRequest(null, Object(Config\Cache), false)
 5 SYSTEMPATH\Boot.php(363): CodeIgniter\CodeIgniter->run()
 6 SYSTEMPATH\Boot.php(68): CodeIgniter\Boot::runCodeIgniter(Object(CodeIgniter\CodeIgniter))
 7 FCPATH\index.php(59): CodeIgniter\Boot::bootWeb(Object(Config\Paths))
CRITICAL - 2025-11-19 03:15:50 --> CodeIgniter\HTTP\Exceptions\BadRequestException: The URI you submitted has disallowed characters: "(AME)_BIMTEK_DIGITALISASI_NASKAH_KUNO_OKTOBER_2025.jpg"
[Method: GET, Route: thumbnails/%28AME%29_BIMTEK_DIGITALISASI_NASKAH_KUNO_OKTOBER_2025.jpg]
in SYSTEMPATH\Router\Router.php on line 741.
 1 SYSTEMPATH\Router\Router.php(207): CodeIgniter\Router\Router->checkDisallowedChars('thumbnails/(AME)_BIMTEK_DIGITALISASI_NASKAH_KUNO_OKTOBER_2025.jpg')
 2 SYSTEMPATH\CodeIgniter.php(832): CodeIgniter\Router\Router->handle('thumbnails/(AME)_BIMTEK_DIGITALISASI_NASKAH_KUNO_OKTOBER_2025.jpg')
 3 SYSTEMPATH\CodeIgniter.php(455): CodeIgniter\CodeIgniter->tryToRouteIt(Object(CodeIgniter\Router\RouteCollection))
 4 SYSTEMPATH\CodeIgniter.php(354): CodeIgniter\CodeIgniter->handleRequest(null, Object(Config\Cache), false)
 5 SYSTEMPATH\Boot.php(363): CodeIgniter\CodeIgniter->run()
 6 SYSTEMPATH\Boot.php(68): CodeIgniter\Boot::runCodeIgniter(Object(CodeIgniter\CodeIgniter))
 7 FCPATH\index.php(59): CodeIgniter\Boot::bootWeb(Object(Config\Paths))
CRITICAL - 2025-11-19 03:15:51 --> CodeIgniter\HTTP\Exceptions\BadRequestException: The URI you submitted has disallowed characters: "(AME)_BIMTEK_DIGITALISASI_NASKAH_KUNO_OKTOBER_2025.jpg"
[Method: GET, Route: thumbnails/%28AME%29_BIMTEK_DIGITALISASI_NASKAH_KUNO_OKTOBER_2025.jpg]
in SYSTEMPATH\Router\Router.php on line 741.
 1 SYSTEMPATH\Router\Router.php(207): CodeIgniter\Router\Router->checkDisallowedChars('thumbnails/(AME)_BIMTEK_DIGITALISASI_NASKAH_KUNO_OKTOBER_2025.jpg')
 2 SYSTEMPATH\CodeIgniter.php(832): CodeIgniter\Router\Router->handle('thumbnails/(AME)_BIMTEK_DIGITALISASI_NASKAH_KUNO_OKTOBER_2025.jpg')
 3 SYSTEMPATH\CodeIgniter.php(455): CodeIgniter\CodeIgniter->tryToRouteIt(Object(CodeIgniter\Router\RouteCollection))
 4 SYSTEMPATH\CodeIgniter.php(354): CodeIgniter\CodeIgniter->handleRequest(null, Object(Config\Cache), false)
 5 SYSTEMPATH\Boot.php(363): CodeIgniter\CodeIgniter->run()
 6 SYSTEMPATH\Boot.php(68): CodeIgniter\Boot::runCodeIgniter(Object(CodeIgniter\CodeIgniter))
 7 FCPATH\index.php(59): CodeIgniter\Boot::bootWeb(Object(Config\Paths))
CRITICAL - 2025-11-19 03:16:24 --> CodeIgniter\HTTP\Exceptions\BadRequestException: The URI you submitted has disallowed characters: "(AME)_BIMTEK_DIGITALISASI_NASKAH_KUNO_OKTOBER_2025.jpg"
[Method: GET, Route: thumbnails/%28AME%29_BIMTEK_DIGITALISASI_NASKAH_KUNO_OKTOBER_2025.jpg]
in SYSTEMPATH\Router\Router.php on line 741.
 1 SYSTEMPATH\Router\Router.php(207): CodeIgniter\Router\Router->checkDisallowedChars('thumbnails/(AME)_BIMTEK_DIGITALISASI_NASKAH_KUNO_OKTOBER_2025.jpg')
 2 SYSTEMPATH\CodeIgniter.php(832): CodeIgniter\Router\Router->handle('thumbnails/(AME)_BIMTEK_DIGITALISASI_NASKAH_KUNO_OKTOBER_2025.jpg')
 3 SYSTEMPATH\CodeIgniter.php(455): CodeIgniter\CodeIgniter->tryToRouteIt(Object(CodeIgniter\Router\RouteCollection))
 4 SYSTEMPATH\CodeIgniter.php(354): CodeIgniter\CodeIgniter->handleRequest(null, Object(Config\Cache), false)
 5 SYSTEMPATH\Boot.php(363): CodeIgniter\CodeIgniter->run()
 6 SYSTEMPATH\Boot.php(68): CodeIgniter\Boot::runCodeIgniter(Object(CodeIgniter\CodeIgniter))
 7 FCPATH\index.php(59): CodeIgniter\Boot::bootWeb(Object(Config\Paths))
CRITICAL - 2025-11-19 03:16:26 --> CodeIgniter\HTTP\Exceptions\BadRequestException: The URI you submitted has disallowed characters: "(AME)_BIMTEK_DIGITALISASI_NASKAH_KUNO_OKTOBER_2025.jpg"
[Method: GET, Route: thumbnails/%28AME%29_BIMTEK_DIGITALISASI_NASKAH_KUNO_OKTOBER_2025.jpg]
in SYSTEMPATH\Router\Router.php on line 741.
 1 SYSTEMPATH\Router\Router.php(207): CodeIgniter\Router\Router->checkDisallowedChars('thumbnails/(AME)_BIMTEK_DIGITALISASI_NASKAH_KUNO_OKTOBER_2025.jpg')
 2 SYSTEMPATH\CodeIgniter.php(832): CodeIgniter\Router\Router->handle('thumbnails/(AME)_BIMTEK_DIGITALISASI_NASKAH_KUNO_OKTOBER_2025.jpg')
 3 SYSTEMPATH\CodeIgniter.php(455): CodeIgniter\CodeIgniter->tryToRouteIt(Object(CodeIgniter\Router\RouteCollection))
 4 SYSTEMPATH\CodeIgniter.php(354): CodeIgniter\CodeIgniter->handleRequest(null, Object(Config\Cache), false)
 5 SYSTEMPATH\Boot.php(363): CodeIgniter\CodeIgniter->run()
 6 SYSTEMPATH\Boot.php(68): CodeIgniter\Boot::runCodeIgniter(Object(CodeIgniter\CodeIgniter))
 7 FCPATH\index.php(59): CodeIgniter\Boot::bootWeb(Object(Config\Paths))
