ERROR - 2025-11-21 01:11:54 --> Error connecting to the database: mysqli_sql_exception: No connection could be made because the target machine actively refused it in D:\Apps\xampp\htdocs\perpus-istana\system\Database\MySQLi\Connection.php:201
Stack trace:
#0 D:\Apps\xampp\htdocs\perpus-istana\system\Database\MySQLi\Connection.php(201): mysqli->real_connect('localhost', 'root', Object(SensitiveParameterValue), 'perpusistana', 3306, '', 0)
#1 D:\Apps\xampp\htdocs\perpus-istana\system\Database\BaseConnection.php(419): CodeIgniter\Database\MySQLi\Connection->connect(false)
#2 D:\Apps\xampp\htdocs\perpus-istana\system\Database\BaseConnection.php(614): CodeIgniter\Database\BaseConnection->initialize()
#3 D:\Apps\xampp\htdocs\perpus-istana\system\Database\BaseBuilder.php(1733): CodeIgniter\Database\BaseConnection->query('SELECT COUNT(*)...', Array, false)
#4 D:\Apps\xampp\htdocs\perpus-istana\system\Model.php(675): CodeIgniter\Database\BaseBuilder->countAllResults(false)
#5 D:\Apps\xampp\htdocs\perpus-istana\system\BaseModel.php(1277): CodeIgniter\Model->countAllResults(false)
#6 D:\Apps\xampp\htdocs\perpus-istana\app\Controllers\Catalog.php(27): CodeIgniter\BaseModel->paginate(12, 'books')
#7 D:\Apps\xampp\htdocs\perpus-istana\system\CodeIgniter.php(933): App\Controllers\Catalog->index()
#8 D:\Apps\xampp\htdocs\perpus-istana\system\CodeIgniter.php(507): CodeIgniter\CodeIgniter->runController(Object(App\Controllers\Catalog))
#9 D:\Apps\xampp\htdocs\perpus-istana\system\CodeIgniter.php(354): CodeIgniter\CodeIgniter->handleRequest(NULL, Object(Config\Cache), false)
#10 D:\Apps\xampp\htdocs\perpus-istana\system\Boot.php(363): CodeIgniter\CodeIgniter->run()
#11 D:\Apps\xampp\htdocs\perpus-istana\system\Boot.php(68): CodeIgniter\Boot::runCodeIgniter(Object(CodeIgniter\CodeIgniter))
#12 D:\Apps\xampp\htdocs\perpus-istana\public\index.php(59): CodeIgniter\Boot::bootWeb(Object(Config\Paths))
#13 {main}

Next CodeIgniter\Database\Exceptions\DatabaseException: No connection could be made because the target machine actively refused it in D:\Apps\xampp\htdocs\perpus-istana\system\Database\MySQLi\Connection.php:246
Stack trace:
#0 D:\Apps\xampp\htdocs\perpus-istana\system\Database\BaseConnection.php(419): CodeIgniter\Database\MySQLi\Connection->connect(false)
#1 D:\Apps\xampp\htdocs\perpus-istana\system\Database\BaseConnection.php(614): CodeIgniter\Database\BaseConnection->initialize()
#2 D:\Apps\xampp\htdocs\perpus-istana\system\Database\BaseBuilder.php(1733): CodeIgniter\Database\BaseConnection->query('SELECT COUNT(*)...', Array, false)
#3 D:\Apps\xampp\htdocs\perpus-istana\system\Model.php(675): CodeIgniter\Database\BaseBuilder->countAllResults(false)
#4 D:\Apps\xampp\htdocs\perpus-istana\system\BaseModel.php(1277): CodeIgniter\Model->countAllResults(false)
#5 D:\Apps\xampp\htdocs\perpus-istana\app\Controllers\Catalog.php(27): CodeIgniter\BaseModel->paginate(12, 'books')
#6 D:\Apps\xampp\htdocs\perpus-istana\system\CodeIgniter.php(933): App\Controllers\Catalog->index()
#7 D:\Apps\xampp\htdocs\perpus-istana\system\CodeIgniter.php(507): CodeIgniter\CodeIgniter->runController(Object(App\Controllers\Catalog))
#8 D:\Apps\xampp\htdocs\perpus-istana\system\CodeIgniter.php(354): CodeIgniter\CodeIgniter->handleRequest(NULL, Object(Config\Cache), false)
#9 D:\Apps\xampp\htdocs\perpus-istana\system\Boot.php(363): CodeIgniter\CodeIgniter->run()
#10 D:\Apps\xampp\htdocs\perpus-istana\system\Boot.php(68): CodeIgniter\Boot::runCodeIgniter(Object(CodeIgniter\CodeIgniter))
#11 D:\Apps\xampp\htdocs\perpus-istana\public\index.php(59): CodeIgniter\Boot::bootWeb(Object(Config\Paths))
#12 {main}
CRITICAL - 2025-11-21 01:11:54 --> CodeIgniter\Database\Exceptions\DatabaseException: Unable to connect to the database.
Main connection [MySQLi]: No connection could be made because the target machine actively refused it
[Method: GET, Route: /]
in SYSTEMPATH\Database\BaseConnection.php on line 465.
 1 SYSTEMPATH\Database\BaseConnection.php(614): CodeIgniter\Database\BaseConnection->initialize()
 2 SYSTEMPATH\Database\BaseBuilder.php(1733): CodeIgniter\Database\BaseConnection->query('SELECT COUNT(*) AS `numrows`
FROM `books`', [], false)
 3 SYSTEMPATH\Model.php(675): CodeIgniter\Database\BaseBuilder->countAllResults(false)
 4 SYSTEMPATH\BaseModel.php(1277): CodeIgniter\Model->countAllResults(false)
 5 APPPATH\Controllers\Catalog.php(27): CodeIgniter\BaseModel->paginate(12, 'books')
 6 SYSTEMPATH\CodeIgniter.php(933): App\Controllers\Catalog->index()
 7 SYSTEMPATH\CodeIgniter.php(507): CodeIgniter\CodeIgniter->runController(Object(App\Controllers\Catalog))
 8 SYSTEMPATH\CodeIgniter.php(354): CodeIgniter\CodeIgniter->handleRequest(null, Object(Config\Cache), false)
 9 SYSTEMPATH\Boot.php(363): CodeIgniter\CodeIgniter->run()
10 SYSTEMPATH\Boot.php(68): CodeIgniter\Boot::runCodeIgniter(Object(CodeIgniter\CodeIgniter))
11 FCPATH\index.php(59): CodeIgniter\Boot::bootWeb(Object(Config\Paths))
CRITICAL - 2025-11-21 02:18:37 --> CodeIgniter\HTTP\Exceptions\BadRequestException: The URI you submitted has disallowed characters: "1225&toolbar=0"
[Method: GET, Route: viewer/1225&toolbar=0]
in SYSTEMPATH\Router\Router.php on line 741.
 1 SYSTEMPATH\Router\Router.php(207): CodeIgniter\Router\Router->checkDisallowedChars('viewer/1225&toolbar=0')
 2 SYSTEMPATH\CodeIgniter.php(832): CodeIgniter\Router\Router->handle('viewer/1225&toolbar=0')
 3 SYSTEMPATH\CodeIgniter.php(455): CodeIgniter\CodeIgniter->tryToRouteIt(Object(CodeIgniter\Router\RouteCollection))
 4 SYSTEMPATH\CodeIgniter.php(354): CodeIgniter\CodeIgniter->handleRequest(null, Object(Config\Cache), false)
 5 SYSTEMPATH\Boot.php(363): CodeIgniter\CodeIgniter->run()
 6 SYSTEMPATH\Boot.php(68): CodeIgniter\Boot::runCodeIgniter(Object(CodeIgniter\CodeIgniter))
 7 FCPATH\index.php(59): CodeIgniter\Boot::bootWeb(Object(Config\Paths))
CRITICAL - 2025-11-21 03:37:17 --> ErrorException: Undefined variable $book
[Method: GET, Route: /]
in APPPATH\Views\catalog\home.php on line 99.
 1 APPPATH\Views\catalog\home.php(99): CodeIgniter\Debug\Exceptions->errorHandler(2, 'Undefined variable $book', 'D:\\Apps\\xampp\\htdocs\\perpus-istana\\app\\Views\\catalog\\home.php', 99)
 2 SYSTEMPATH\View\View.php(226): include('D:\\Apps\\xampp\\htdocs\\perpus-istana\\app\\Views\\catalog\\home.php')
 3 SYSTEMPATH\View\View.php(229): CodeIgniter\View\View->CodeIgniter\View\{closure}()
 4 SYSTEMPATH\Common.php(1167): CodeIgniter\View\View->render('catalog/home', [], true)
 5 APPPATH\Controllers\Catalog.php(30): view('catalog/home', [...])
 6 SYSTEMPATH\CodeIgniter.php(933): App\Controllers\Catalog->index()
 7 SYSTEMPATH\CodeIgniter.php(507): CodeIgniter\CodeIgniter->runController(Object(App\Controllers\Catalog))
 8 SYSTEMPATH\CodeIgniter.php(354): CodeIgniter\CodeIgniter->handleRequest(null, Object(Config\Cache), false)
 9 SYSTEMPATH\Boot.php(363): CodeIgniter\CodeIgniter->run()
10 SYSTEMPATH\Boot.php(68): CodeIgniter\Boot::runCodeIgniter(Object(CodeIgniter\CodeIgniter))
11 FCPATH\index.php(59): CodeIgniter\Boot::bootWeb(Object(Config\Paths))
CRITICAL - 2025-11-21 06:40:07 --> ErrorException: unlink(D:\Apps\xampp\htdocs\perpus-istana\writable\debugbar/debugbar_1763705871.399045.json): No such file or directory
[Method: GET, Route: /]
in SYSTEMPATH\Debug\Toolbar\Collectors\History.php on line 82.
 1 [internal function]: CodeIgniter\Debug\Exceptions->errorHandler(2, 'unlink(D:\\Apps\\xampp\\htdocs\\perpus-istana\\writable\\debugbar/debugbar_1763705871.399045.json): No such file or directory', 'D:\\Apps\\xampp\\htdocs\\perpus-istana\\system\\Debug\\Toolbar\\Collectors\\History.php', 82)
 2 SYSTEMPATH\Debug\Toolbar\Collectors\History.php(82): unlink('D:\\Apps\\xampp\\htdocs\\perpus-istana\\writable\\debugbar/debugbar_1763705871.399045.json')
 3 SYSTEMPATH\Debug\Toolbar.php(517): CodeIgniter\Debug\Toolbar\Collectors\History->setFiles('1763707206.830332', 20)
 4 SYSTEMPATH\Debug\Toolbar.php(496): CodeIgniter\Debug\Toolbar->format([...], 'html')
 5 APPPATH\Config\Events.php(47): CodeIgniter\Debug\Toolbar->respond()
 6 SYSTEMPATH\Events\Events.php(152): CodeIgniter\Events\Events::Config\{closure}()
 7 SYSTEMPATH\CodeIgniter.php(339): CodeIgniter\Events\Events::trigger('pre_system')
 8 SYSTEMPATH\Boot.php(363): CodeIgniter\CodeIgniter->run()
 9 SYSTEMPATH\Boot.php(68): CodeIgniter\Boot::runCodeIgniter(Object(CodeIgniter\CodeIgniter))
10 FCPATH\index.php(59): CodeIgniter\Boot::bootWeb(Object(Config\Paths))
CRITICAL - 2025-11-21 06:41:09 --> ErrorException: unlink(D:\Apps\xampp\htdocs\perpus-istana\writable\debugbar/debugbar_1763706666.258344.json): No such file or directory
[Method: GET, Route: /]
in SYSTEMPATH\Debug\Toolbar\Collectors\History.php on line 82.
 1 [internal function]: CodeIgniter\Debug\Exceptions->errorHandler(2, 'unlink(D:\\Apps\\xampp\\htdocs\\perpus-istana\\writable\\debugbar/debugbar_1763706666.258344.json): No such file or directory', 'D:\\Apps\\xampp\\htdocs\\perpus-istana\\system\\Debug\\Toolbar\\Collectors\\History.php', 82)
 2 SYSTEMPATH\Debug\Toolbar\Collectors\History.php(82): unlink('D:\\Apps\\xampp\\htdocs\\perpus-istana\\writable\\debugbar/debugbar_1763706666.258344.json')
 3 SYSTEMPATH\Debug\Toolbar.php(517): CodeIgniter\Debug\Toolbar\Collectors\History->setFiles('1763707269.580475', 20)
 4 SYSTEMPATH\Debug\Toolbar.php(496): CodeIgniter\Debug\Toolbar->format([...], 'html')
 5 APPPATH\Config\Events.php(47): CodeIgniter\Debug\Toolbar->respond()
 6 SYSTEMPATH\Events\Events.php(152): CodeIgniter\Events\Events::Config\{closure}()
 7 SYSTEMPATH\CodeIgniter.php(339): CodeIgniter\Events\Events::trigger('pre_system')
 8 SYSTEMPATH\Boot.php(363): CodeIgniter\CodeIgniter->run()
 9 SYSTEMPATH\Boot.php(68): CodeIgniter\Boot::runCodeIgniter(Object(CodeIgniter\CodeIgniter))
10 FCPATH\index.php(59): CodeIgniter\Boot::bootWeb(Object(Config\Paths))
CRITICAL - 2025-11-21 06:41:29 --> ErrorException: unlink(D:\Apps\xampp\htdocs\perpus-istana\writable\debugbar/debugbar_1763706833.905559.json): No such file or directory
[Method: GET, Route: /]
in SYSTEMPATH\Debug\Toolbar\Collectors\History.php on line 82.
 1 [internal function]: CodeIgniter\Debug\Exceptions->errorHandler(2, 'unlink(D:\\Apps\\xampp\\htdocs\\perpus-istana\\writable\\debugbar/debugbar_1763706833.905559.json): No such file or directory', 'D:\\Apps\\xampp\\htdocs\\perpus-istana\\system\\Debug\\Toolbar\\Collectors\\History.php', 82)
 2 SYSTEMPATH\Debug\Toolbar\Collectors\History.php(82): unlink('D:\\Apps\\xampp\\htdocs\\perpus-istana\\writable\\debugbar/debugbar_1763706833.905559.json')
 3 SYSTEMPATH\Debug\Toolbar.php(517): CodeIgniter\Debug\Toolbar\Collectors\History->setFiles('1763707289.016214', 20)
 4 SYSTEMPATH\Debug\Toolbar.php(496): CodeIgniter\Debug\Toolbar->format([...], 'html')
 5 APPPATH\Config\Events.php(47): CodeIgniter\Debug\Toolbar->respond()
 6 SYSTEMPATH\Events\Events.php(152): CodeIgniter\Events\Events::Config\{closure}()
 7 SYSTEMPATH\CodeIgniter.php(339): CodeIgniter\Events\Events::trigger('pre_system')
 8 SYSTEMPATH\Boot.php(363): CodeIgniter\CodeIgniter->run()
 9 SYSTEMPATH\Boot.php(68): CodeIgniter\Boot::runCodeIgniter(Object(CodeIgniter\CodeIgniter))
10 FCPATH\index.php(59): CodeIgniter\Boot::bootWeb(Object(Config\Paths))
CRITICAL - 2025-11-21 06:41:29 --> ErrorException: unlink(D:\Apps\xampp\htdocs\perpus-istana\writable\debugbar/debugbar_1763706833.905559.json): No such file or directory
[Method: GET, Route: /]
in SYSTEMPATH\Debug\Toolbar\Collectors\History.php on line 82.
 1 [internal function]: CodeIgniter\Debug\Exceptions->errorHandler(2, 'unlink(D:\\Apps\\xampp\\htdocs\\perpus-istana\\writable\\debugbar/debugbar_1763706833.905559.json): No such file or directory', 'D:\\Apps\\xampp\\htdocs\\perpus-istana\\system\\Debug\\Toolbar\\Collectors\\History.php', 82)
 2 SYSTEMPATH\Debug\Toolbar\Collectors\History.php(82): unlink('D:\\Apps\\xampp\\htdocs\\perpus-istana\\writable\\debugbar/debugbar_1763706833.905559.json')
 3 SYSTEMPATH\Debug\Toolbar.php(517): CodeIgniter\Debug\Toolbar\Collectors\History->setFiles('1763707289.022254', 20)
 4 SYSTEMPATH\Debug\Toolbar.php(496): CodeIgniter\Debug\Toolbar->format([...], 'html')
 5 APPPATH\Config\Events.php(47): CodeIgniter\Debug\Toolbar->respond()
 6 SYSTEMPATH\Events\Events.php(152): CodeIgniter\Events\Events::Config\{closure}()
 7 SYSTEMPATH\CodeIgniter.php(339): CodeIgniter\Events\Events::trigger('pre_system')
 8 SYSTEMPATH\Boot.php(363): CodeIgniter\CodeIgniter->run()
 9 SYSTEMPATH\Boot.php(68): CodeIgniter\Boot::runCodeIgniter(Object(CodeIgniter\CodeIgniter))
10 FCPATH\index.php(59): CodeIgniter\Boot::bootWeb(Object(Config\Paths))
CRITICAL - 2025-11-21 06:43:08 --> ErrorException: unlink(D:\Apps\xampp\htdocs\perpus-istana\writable\debugbar/debugbar_1763707138.085222.json): No such file or directory
[Method: GET, Route: /]
in SYSTEMPATH\Debug\Toolbar\Collectors\History.php on line 82.
 1 [internal function]: CodeIgniter\Debug\Exceptions->errorHandler(2, 'unlink(D:\\Apps\\xampp\\htdocs\\perpus-istana\\writable\\debugbar/debugbar_1763707138.085222.json): No such file or directory', 'D:\\Apps\\xampp\\htdocs\\perpus-istana\\system\\Debug\\Toolbar\\Collectors\\History.php', 82)
 2 SYSTEMPATH\Debug\Toolbar\Collectors\History.php(82): unlink('D:\\Apps\\xampp\\htdocs\\perpus-istana\\writable\\debugbar/debugbar_1763707138.085222.json')
 3 SYSTEMPATH\Debug\Toolbar.php(517): CodeIgniter\Debug\Toolbar\Collectors\History->setFiles('1763707388.725363', 20)
 4 SYSTEMPATH\Debug\Toolbar.php(496): CodeIgniter\Debug\Toolbar->format([...], 'html')
 5 APPPATH\Config\Events.php(47): CodeIgniter\Debug\Toolbar->respond()
 6 SYSTEMPATH\Events\Events.php(152): CodeIgniter\Events\Events::Config\{closure}()
 7 SYSTEMPATH\CodeIgniter.php(339): CodeIgniter\Events\Events::trigger('pre_system')
 8 SYSTEMPATH\Boot.php(363): CodeIgniter\CodeIgniter->run()
 9 SYSTEMPATH\Boot.php(68): CodeIgniter\Boot::runCodeIgniter(Object(CodeIgniter\CodeIgniter))
10 FCPATH\index.php(59): CodeIgniter\Boot::bootWeb(Object(Config\Paths))
